X Error of failed request:  BadWindow (invalid Window parameter)
  Major opcode of failed request:  12 (X_ConfigureWindow)
  Resource id in failed request:  0x0
  Serial number of failed request:  18
  Current serial number in output stream:  20
X Error of failed request:  BadWindow (invalid Window parameter)
  Major opcode of failed request:  20 (X_GetProperty)
  Resource id in failed request:  0x0
  Serial number of failed request:  26
  Current serial number in output stream:  26
X Error of failed request:  BadWindow (invalid Window parameter)
  Major opcode of failed request:  12 (X_ConfigureWindow)
  Resource id in failed request:  0x0
  Serial number of failed request:  18
  Current serial number in output stream:  20
X Error of failed request:  BadWindow (invalid Window parameter)
  Major opcode of failed request:  20 (X_GetProperty)
  Resource id in failed request:  0x0
  Serial number of failed request:  26
  Current serial number in output stream:  26
['/opt/LibreLight/Xdesk/', '/opt/LibreLight/Xdesk/tksdl', '/usr/lib/python39.zip', '/usr/lib/python3.9', '/usr/lib/python3.9/lib-dynload', '/home/user/.local/lib/python3.9/site-packages', '/usr/local/lib/python3.9/dist-packages', '/usr/lib/python3/dist-packages']

pygame 1.9.6
Hello from the pygame community. https://www.pygame.org/contribute.html
2023-12-10 19:44:46 +0100

xwininfo -root -children -all | grep 'LibreLight Start :979 2023-12-10 v:11e0943'
ID: xxxx
17 loop...
event <Event(4-MouseMotion {'pos': (239, 55), 'rel': (3, -5), 'buttons': (0, 0, 0), 'window': None})>
event <Event(4-MouseMotion {'pos': (242, 50), 'rel': (3, -5), 'buttons': (0, 0, 0), 'window': None})>
event <Event(4-MouseMotion {'pos': (244, 47), 'rel': (2, -3), 'buttons': (0, 0, 0), 'window': None})>
event <Event(4-MouseMotion {'pos': (247, 42), 'rel': (3, -5), 'buttons': (0, 0, 0), 'window': None})>
event <Event(4-MouseMotion {'pos': (250, 39), 'rel': (3, -3), 'buttons': (0, 0, 0), 'window': None})>
event <Event(4-MouseMotion {'pos': (251, 36), 'rel': (1, -3), 'buttons': (0, 0, 0), 'window': None})>
event <Event(4-MouseMotion {'pos': (253, 31), 'rel': (2, -5), 'buttons': (0, 0, 0), 'window': None})>
event <Event(4-MouseMotion {'pos': (254, 28), 'rel': (1, -3), 'buttons': (0, 0, 0), 'window': None})>
event <Event(4-MouseMotion {'pos': (255, 25), 'rel': (1, -3), 'buttons': (0, 0, 0), 'window': None})>
event <Event(4-MouseMotion {'pos': (256, 23), 'rel': (1, -2), 'buttons': (0, 0, 0), 'window': None})>
event <Event(4-MouseMotion {'pos': (256, 22), 'rel': (0, -1), 'buttons': (0, 0, 0), 'window': None})>
event <Event(4-MouseMotion {'pos': (256, 21), 'rel': (0, -1), 'buttons': (0, 0, 0), 'window': None})>
event <Event(4-MouseMotion {'pos': (256, 20), 'rel': (0, -1), 'buttons': (0, 0, 0), 'window': None})>
event <Event(4-MouseMotion {'pos': (256, 19), 'rel': (0, -1), 'buttons': (0, 0, 0), 'window': None})>
event <Event(4-MouseMotion {'pos': (256, 18), 'rel': (0, -1), 'buttons': (0, 0, 0), 'window': None})>
event <Event(4-MouseMotion {'pos': (256, 16), 'rel': (0, -2), 'buttons': (0, 0, 0), 'window': None})>
event <Event(4-MouseMotion {'pos': (256, 15), 'rel': (0, -1), 'buttons': (0, 0, 0), 'window': None})>
event <Event(4-MouseMotion {'pos': (256, 14), 'rel': (0, -1), 'buttons': (0, 0, 0), 'window': None})>
event <Event(4-MouseMotion {'pos': (256, 13), 'rel': (0, -1), 'buttons': (0, 0, 0), 'window': None})>
event <Event(4-MouseMotion {'pos': (256, 12), 'rel': (0, -1), 'buttons': (0, 0, 0), 'window': None})>
event <Event(4-MouseMotion {'pos': (255, 10), 'rel': (-1, -2), 'buttons': (0, 0, 0), 'window': None})>
event <Event(4-MouseMotion {'pos': (254, 8), 'rel': (-1, -2), 'buttons': (0, 0, 0), 'window': None})>
event <Event(4-MouseMotion {'pos': (253, 6), 'rel': (-1, -2), 'buttons': (0, 0, 0), 'window': None})>
event <Event(4-MouseMotion {'pos': (252, 5), 'rel': (-1, -1), 'buttons': (0, 0, 0), 'window': None})>
event <Event(4-MouseMotion {'pos': (251, 4), 'rel': (-1, -1), 'buttons': (0, 0, 0), 'window': None})>
event <Event(4-MouseMotion {'pos': (251, 3), 'rel': (0, -1), 'buttons': (0, 0, 0), 'window': None})>
event <Event(4-MouseMotion {'pos': (250, 1), 'rel': (-1, -2), 'buttons': (0, 0, 0), 'window': None})>
event <Event(4-MouseMotion {'pos': (249, 0), 'rel': (-1, -1), 'buttons': (0, 0, 0), 'window': None})>
event <Event(1-ActiveEvent {'gain': 0, 'state': 1})>
event <Event(1-ActiveEvent {'gain': 1, 'state': 1})>
event <Event(4-MouseMotion {'pos': (248, 6), 'rel': (-1, 6), 'buttons': (0, 0, 0), 'window': None})>
event <Event(12-Quit {})>
['/opt/LibreLight/Xdesk/', '/opt/LibreLight/Xdesk/tksdl', '/usr/lib/python39.zip', '/usr/lib/python3.9', '/usr/lib/python3.9/lib-dynload', '/home/user/.local/lib/python3.9/site-packages', '/usr/local/lib/python3.9/dist-packages', '/usr/lib/python3/dist-packages']

pygame 1.9.6
Hello from the pygame community. https://www.pygame.org/contribute.html
2023-12-10 19:44:46 +0100

xwininfo -root -children -all | grep 'LibreLight Start :531 2023-12-10 v:11e0943'
ID: xxxx
15 loop...
event <Event(1-ActiveEvent {'gain': 1, 'state': 1})>
event <Event(4-MouseMotion {'pos': (20, 368), 'rel': (20, 368), 'buttons': (0, 0, 0), 'window': None})>
event <Event(4-MouseMotion {'pos': (44, 368), 'rel': (24, 0), 'buttons': (0, 0, 0), 'window': None})>
['MOUSE FOCUS', 'flash', 0]
event <Event(4-MouseMotion {'pos': (64, 368), 'rel': (20, 0), 'buttons': (0, 0, 0), 'window': None})>
['MOUSE FOCUS', 'flash', 0]
event <Event(4-MouseMotion {'pos': (81, 368), 'rel': (17, 0), 'buttons': (0, 0, 0), 'window': None})>
event <Event(4-MouseMotion {'pos': (94, 368), 'rel': (13, 0), 'buttons': (0, 0, 0), 'window': None})>
event <Event(4-MouseMotion {'pos': (105, 368), 'rel': (11, 0), 'buttons': (0, 0, 0), 'window': None})>
event <Event(4-MouseMotion {'pos': (116, 368), 'rel': (11, 0), 'buttons': (0, 0, 0), 'window': None})>
event <Event(4-MouseMotion {'pos': (125, 368), 'rel': (9, 0), 'buttons': (0, 0, 0), 'window': None})>
event <Event(4-MouseMotion {'pos': (135, 370), 'rel': (10, 2), 'buttons': (0, 0, 0), 'window': None})>
event <Event(4-MouseMotion {'pos': (142, 371), 'rel': (7, 1), 'buttons': (0, 0, 0), 'window': None})>
event <Event(4-MouseMotion {'pos': (148, 371), 'rel': (6, 0), 'buttons': (0, 0, 0), 'window': None})>
event <Event(4-MouseMotion {'pos': (156, 373), 'rel': (8, 2), 'buttons': (0, 0, 0), 'window': None})>
event <Event(4-MouseMotion {'pos': (163, 374), 'rel': (7, 1), 'buttons': (0, 0, 0), 'window': None})>
event <Event(4-MouseMotion {'pos': (169, 375), 'rel': (6, 1), 'buttons': (0, 0, 0), 'window': None})>
event <Event(4-MouseMotion {'pos': (176, 377), 'rel': (7, 2), 'buttons': (0, 0, 0), 'window': None})>
event <Event(4-MouseMotion {'pos': (180, 378), 'rel': (4, 1), 'buttons': (0, 0, 0), 'window': None})>
event <Event(4-MouseMotion {'pos': (183, 379), 'rel': (3, 1), 'buttons': (0, 0, 0), 'window': None})>
event <Event(4-MouseMotion {'pos': (186, 380), 'rel': (3, 1), 'buttons': (0, 0, 0), 'window': None})>
event <Event(4-MouseMotion {'pos': (189, 381), 'rel': (3, 1), 'buttons': (0, 0, 0), 'window': None})>
event <Event(4-MouseMotion {'pos': (192, 382), 'rel': (3, 1), 'buttons': (0, 0, 0), 'window': None})>
event <Event(4-MouseMotion {'pos': (194, 383), 'rel': (2, 1), 'buttons': (0, 0, 0), 'window': None})>
event <Event(4-MouseMotion {'pos': (196, 385), 'rel': (2, 2), 'buttons': (0, 0, 0), 'window': None})>
event <Event(4-MouseMotion {'pos': (198, 387), 'rel': (2, 2), 'buttons': (0, 0, 0), 'window': None})>
event <Event(4-MouseMotion {'pos': (200, 388), 'rel': (2, 1), 'buttons': (0, 0, 0), 'window': None})>
event <Event(4-MouseMotion {'pos': (202, 390), 'rel': (2, 2), 'buttons': (0, 0, 0), 'window': None})>
event <Event(4-MouseMotion {'pos': (204, 392), 'rel': (2, 2), 'buttons': (0, 0, 0), 'window': None})>
event <Event(4-MouseMotion {'pos': (206, 393), 'rel': (2, 1), 'buttons': (0, 0, 0), 'window': None})>
event <Event(4-MouseMotion {'pos': (208, 395), 'rel': (2, 2), 'buttons': (0, 0, 0), 'window': None})>
event <Event(4-MouseMotion {'pos': (210, 397), 'rel': (2, 2), 'buttons': (0, 0, 0), 'window': None})>
event <Event(4-MouseMotion {'pos': (213, 399), 'rel': (3, 2), 'buttons': (0, 0, 0), 'window': None})>
event <Event(4-MouseMotion {'pos': (216, 400), 'rel': (3, 1), 'buttons': (0, 0, 0), 'window': None})>
event <Event(4-MouseMotion {'pos': (218, 401), 'rel': (2, 1), 'buttons': (0, 0, 0), 'window': None})>
event <Event(4-MouseMotion {'pos': (220, 402), 'rel': (2, 1), 'buttons': (0, 0, 0), 'window': None})>
event <Event(4-MouseMotion {'pos': (222, 403), 'rel': (2, 1), 'buttons': (0, 0, 0), 'window': None})>
event <Event(4-MouseMotion {'pos': (224, 404), 'rel': (2, 1), 'buttons': (0, 0, 0), 'window': None})>
event <Event(4-MouseMotion {'pos': (225, 405), 'rel': (1, 1), 'buttons': (0, 0, 0), 'window': None})>
event <Event(4-MouseMotion {'pos': (222, 404), 'rel': (-3, -1), 'buttons': (0, 0, 0), 'window': None})>
event <Event(4-MouseMotion {'pos': (220, 403), 'rel': (-2, -1), 'buttons': (0, 0, 0), 'window': None})>
event <Event(4-MouseMotion {'pos': (219, 402), 'rel': (-1, -1), 'buttons': (0, 0, 0), 'window': None})>
event <Event(4-MouseMotion {'pos': (217, 401), 'rel': (-2, -1), 'buttons': (0, 0, 0), 'window': None})>
event <Event(4-MouseMotion {'pos': (216, 399), 'rel': (-1, -2), 'buttons': (0, 0, 0), 'window': None})>
event <Event(4-MouseMotion {'pos': (214, 397), 'rel': (-2, -2), 'buttons': (0, 0, 0), 'window': None})>
event <Event(4-MouseMotion {'pos': (212, 395), 'rel': (-2, -2), 'buttons': (0, 0, 0), 'window': None})>
event <Event(4-MouseMotion {'pos': (210, 392), 'rel': (-2, -3), 'buttons': (0, 0, 0), 'window': None})>
event <Event(4-MouseMotion {'pos': (208, 386), 'rel': (-2, -6), 'buttons': (0, 0, 0), 'window': None})>
event <Event(4-MouseMotion {'pos': (202, 379), 'rel': (-6, -7), 'buttons': (0, 0, 0), 'window': None})>
event <Event(4-MouseMotion {'pos': (194, 370), 'rel': (-8, -9), 'buttons': (0, 0, 0), 'window': None})>
event <Event(4-MouseMotion {'pos': (184, 358), 'rel': (-10, -12), 'buttons': (0, 0, 0), 'window': None})>
event <Event(4-MouseMotion {'pos': (169, 347), 'rel': (-15, -11), 'buttons': (0, 0, 0), 'window': None})>
event <Event(4-MouseMotion {'pos': (147, 335), 'rel': (-22, -12), 'buttons': (0, 0, 0), 'window': None})>
['MOUSE FOCUS', 'flash', 0]
event <Event(4-MouseMotion {'pos': (119, 327), 'rel': (-28, -8), 'buttons': (0, 0, 0), 'window': None})>
['MOUSE FOCUS', 'flash', 0]
event <Event(4-MouseMotion {'pos': (87, 321), 'rel': (-32, -6), 'buttons': (0, 0, 0), 'window': None})>
['MOUSE FOCUS', 'flash', 0]
event <Event(4-MouseMotion {'pos': (51, 317), 'rel': (-36, -4), 'buttons': (0, 0, 0), 'window': None})>
['MOUSE FOCUS', 'flash', 0]
event <Event(4-MouseMotion {'pos': (11, 315), 'rel': (-40, -2), 'buttons': (0, 0, 0), 'window': None})>
event <Event(1-ActiveEvent {'gain': 0, 'state': 1})>
event <Event(1-ActiveEvent {'gain': 0, 'state': 2})>
event <Event(1-ActiveEvent {'gain': 1, 'state': 1})>
event <Event(4-MouseMotion {'pos': (447, 120), 'rel': (436, -195), 'buttons': (0, 0, 0), 'window': None})>
event <Event(4-MouseMotion {'pos': (448, 121), 'rel': (1, 1), 'buttons': (0, 0, 0), 'window': None})>
event <Event(4-MouseMotion {'pos': (449, 123), 'rel': (1, 2), 'buttons': (0, 0, 0), 'window': None})>
event <Event(4-MouseMotion {'pos': (448, 124), 'rel': (-1, 1), 'buttons': (0, 0, 0), 'window': None})>
event <Event(4-MouseMotion {'pos': (447, 124), 'rel': (-1, 0), 'buttons': (0, 0, 0), 'window': None})>
event <Event(1-ActiveEvent {'gain': 0, 'state': 1})>
event <Event(1-ActiveEvent {'gain': 1, 'state': 1})>
event <Event(4-MouseMotion {'pos': (423, 120), 'rel': (-24, -4), 'buttons': (0, 0, 0), 'window': None})>
event <Event(4-MouseMotion {'pos': (423, 119), 'rel': (0, -1), 'buttons': (0, 0, 0), 'window': None})>
event <Event(4-MouseMotion {'pos': (427, 117), 'rel': (4, -2), 'buttons': (0, 0, 0), 'window': None})>
event <Event(4-MouseMotion {'pos': (433, 115), 'rel': (6, -2), 'buttons': (0, 0, 0), 'window': None})>
event <Event(4-MouseMotion {'pos': (440, 111), 'rel': (7, -4), 'buttons': (0, 0, 0), 'window': None})>
event <Event(4-MouseMotion {'pos': (448, 107), 'rel': (8, -4), 'buttons': (0, 0, 0), 'window': None})>
event <Event(4-MouseMotion {'pos': (457, 102), 'rel': (9, -5), 'buttons': (0, 0, 0), 'window': None})>
event <Event(4-MouseMotion {'pos': (466, 98), 'rel': (9, -4), 'buttons': (0, 0, 0), 'window': None})>
event <Event(4-MouseMotion {'pos': (477, 93), 'rel': (11, -5), 'buttons': (0, 0, 0), 'window': None})>
event <Event(4-MouseMotion {'pos': (486, 89), 'rel': (9, -4), 'buttons': (0, 0, 0), 'window': None})>
event <Event(4-MouseMotion {'pos': (493, 84), 'rel': (7, -5), 'buttons': (0, 0, 0), 'window': None})>
event <Event(4-MouseMotion {'pos': (498, 80), 'rel': (5, -4), 'buttons': (0, 0, 0), 'window': None})>
event <Event(4-MouseMotion {'pos': (502, 78), 'rel': (4, -2), 'buttons': (0, 0, 0), 'window': None})>
event <Event(4-MouseMotion {'pos': (506, 75), 'rel': (4, -3), 'buttons': (0, 0, 0), 'window': None})>
event <Event(4-MouseMotion {'pos': (510, 71), 'rel': (4, -4), 'buttons': (0, 0, 0), 'window': None})>
event <Event(4-MouseMotion {'pos': (515, 67), 'rel': (5, -4), 'buttons': (0, 0, 0), 'window': None})>
event <Event(4-MouseMotion {'pos': (520, 64), 'rel': (5, -3), 'buttons': (0, 0, 0), 'window': None})>
event <Event(4-MouseMotion {'pos': (525, 60), 'rel': (5, -4), 'buttons': (0, 0, 0), 'window': None})>
event <Event(4-MouseMotion {'pos': (530, 56), 'rel': (5, -4), 'buttons': (0, 0, 0), 'window': None})>
event <Event(4-MouseMotion {'pos': (536, 51), 'rel': (6, -5), 'buttons': (0, 0, 0), 'window': None})>
event <Event(4-MouseMotion {'pos': (542, 45), 'rel': (6, -6), 'buttons': (0, 0, 0), 'window': None})>
event <Event(4-MouseMotion {'pos': (547, 41), 'rel': (5, -4), 'buttons': (0, 0, 0), 'window': None})>
event <Event(4-MouseMotion {'pos': (552, 38), 'rel': (5, -3), 'buttons': (0, 0, 0), 'window': None})>
event <Event(4-MouseMotion {'pos': (556, 35), 'rel': (4, -3), 'buttons': (0, 0, 0), 'window': None})>
event <Event(4-MouseMotion {'pos': (558, 32), 'rel': (2, -3), 'buttons': (0, 0, 0), 'window': None})>
event <Event(4-MouseMotion {'pos': (560, 30), 'rel': (2, -2), 'buttons': (0, 0, 0), 'window': None})>
event <Event(4-MouseMotion {'pos': (561, 28), 'rel': (1, -2), 'buttons': (0, 0, 0), 'window': None})>
event <Event(4-MouseMotion {'pos': (562, 26), 'rel': (1, -2), 'buttons': (0, 0, 0), 'window': None})>
event <Event(4-MouseMotion {'pos': (563, 24), 'rel': (1, -2), 'buttons': (0, 0, 0), 'window': None})>
event <Event(4-MouseMotion {'pos': (564, 23), 'rel': (1, -1), 'buttons': (0, 0, 0), 'window': None})>
event <Event(4-MouseMotion {'pos': (565, 21), 'rel': (1, -2), 'buttons': (0, 0, 0), 'window': None})>
event <Event(4-MouseMotion {'pos': (565, 20), 'rel': (0, -1), 'buttons': (0, 0, 0), 'window': None})>
event <Event(4-MouseMotion {'pos': (565, 19), 'rel': (0, -1), 'buttons': (0, 0, 0), 'window': None})>
event <Event(4-MouseMotion {'pos': (566, 17), 'rel': (1, -2), 'buttons': (0, 0, 0), 'window': None})>
event <Event(4-MouseMotion {'pos': (567, 15), 'rel': (1, -2), 'buttons': (0, 0, 0), 'window': None})>
event <Event(4-MouseMotion {'pos': (568, 14), 'rel': (1, -1), 'buttons': (0, 0, 0), 'window': None})>
event <Event(4-MouseMotion {'pos': (569, 11), 'rel': (1, -3), 'buttons': (0, 0, 0), 'window': None})>
event <Event(4-MouseMotion {'pos': (570, 10), 'rel': (1, -1), 'buttons': (0, 0, 0), 'window': None})>
event <Event(4-MouseMotion {'pos': (571, 9), 'rel': (1, -1), 'buttons': (0, 0, 0), 'window': None})>
event <Event(4-MouseMotion {'pos': (572, 7), 'rel': (1, -2), 'buttons': (0, 0, 0), 'window': None})>
event <Event(4-MouseMotion {'pos': (573, 6), 'rel': (1, -1), 'buttons': (0, 0, 0), 'window': None})>
event <Event(4-MouseMotion {'pos': (574, 4), 'rel': (1, -2), 'buttons': (0, 0, 0), 'window': None})>
event <Event(4-MouseMotion {'pos': (575, 3), 'rel': (1, -1), 'buttons': (0, 0, 0), 'window': None})>
event <Event(4-MouseMotion {'pos': (577, 2), 'rel': (2, -1), 'buttons': (0, 0, 0), 'window': None})>
event <Event(4-MouseMotion {'pos': (578, 1), 'rel': (1, -1), 'buttons': (0, 0, 0), 'window': None})>
event <Event(4-MouseMotion {'pos': (579, 0), 'rel': (1, -1), 'buttons': (0, 0, 0), 'window': None})>
event <Event(1-ActiveEvent {'gain': 0, 'state': 1})>
event <Event(1-ActiveEvent {'gain': 1, 'state': 1})>
event <Event(4-MouseMotion {'pos': (560, 1), 'rel': (-19, 1), 'buttons': (0, 0, 0), 'window': None})>
event <Event(4-MouseMotion {'pos': (541, 7), 'rel': (-19, 6), 'buttons': (0, 0, 0), 'window': None})>
event <Event(4-MouseMotion {'pos': (519, 11), 'rel': (-22, 4), 'buttons': (0, 0, 0), 'window': None})>
event <Event(4-MouseMotion {'pos': (495, 17), 'rel': (-24, 6), 'buttons': (0, 0, 0), 'window': None})>
event <Event(4-MouseMotion {'pos': (467, 23), 'rel': (-28, 6), 'buttons': (0, 0, 0), 'window': None})>
event <Event(4-MouseMotion {'pos': (435, 29), 'rel': (-32, 6), 'buttons': (0, 0, 0), 'window': None})>
event <Event(4-MouseMotion {'pos': (399, 37), 'rel': (-36, 8), 'buttons': (0, 0, 0), 'window': None})>
event <Event(4-MouseMotion {'pos': (361, 45), 'rel': (-38, 8), 'buttons': (0, 0, 0), 'window': None})>
event <Event(4-MouseMotion {'pos': (319, 53), 'rel': (-42, 8), 'buttons': (0, 0, 0), 'window': None})>
event <Event(4-MouseMotion {'pos': (275, 61), 'rel': (-44, 8), 'buttons': (0, 0, 0), 'window': None})>
event <Event(4-MouseMotion {'pos': (231, 71), 'rel': (-44, 10), 'buttons': (0, 0, 0), 'window': None})>
event <Event(4-MouseMotion {'pos': (187, 81), 'rel': (-44, 10), 'buttons': (0, 0, 0), 'window': None})>
event <Event(4-MouseMotion {'pos': (147, 93), 'rel': (-40, 12), 'buttons': (0, 0, 0), 'window': None})>
event <Event(4-MouseMotion {'pos': (109, 103), 'rel': (-38, 10), 'buttons': (0, 0, 0), 'window': None})>
event <Event(4-MouseMotion {'pos': (75, 111), 'rel': (-34, 8), 'buttons': (0, 0, 0), 'window': None})>
['MOUSE FOCUS', 'flash', 0]
event <Event(4-MouseMotion {'pos': (41, 117), 'rel': (-34, 6), 'buttons': (0, 0, 0), 'window': None})>
['MOUSE FOCUS', 'flash', 0]
event <Event(4-MouseMotion {'pos': (9, 123), 'rel': (-32, 6), 'buttons': (0, 0, 0), 'window': None})>
event <Event(1-ActiveEvent {'gain': 0, 'state': 1})>
event <Event(1-ActiveEvent {'gain': 1, 'state': 2})>
event <Event(12-Quit {})>
